test_bad_extension (test_build_lyx.test_build_lyx)
Test that build_lyx() recognises an inappropriate file extension ... ok
test_default (test_build_lyx.test_build_lyx) ... ok
test_bad_extension (test_build_python.testbuild_python) ... ok
test_default (test_build_python.testbuild_python) ... ok
test_bad_extension (test_build_r.testbuild_r)
Test that build_r() recognises an inappropriate file extension ... ok
test_default (test_build_r.testbuild_r) ... ok
test_bad_extension (test_build_stata.testbuild_stata) ... ok
test_bad_user_executable (test_build_stata.testbuild_stata) ... ok
test_default (test_build_stata.testbuild_stata) ... ok
test_user_executable_unix (test_build_stata.testbuild_stata) ... ok
test_default (test_build_tables.test_build_tables) ... ok
test_default_string_target (test_build_tables.test_build_tables) ... ok
test_target_extension (test_build_tables.test_build_tables)
Test that build_tables() recognises an inappropriate file extension ... ok
test_log_timestamp (test_log.test_log)
Test that log_timestamp() correctly adds start/end times to a log ... ok
test_start_log (test_log.test_log) ... ok
test_check_code_extension (test_misc.test_misc)
Unit tests for check_code_extension() ... ok
test_check_lfs (test_misc.test_misc) ... ok
test_current_time (test_misc.test_misc)
Test that current_time() prints times in the expected format ... ok
test_is_64_windows (test_misc.test_misc) ... ok
test_is_exe (test_misc.test_misc) ... ok
test_is_in_path (test_misc.test_misc) ... ok
test_is_unix (test_misc.test_misc) ... ok
test_make_list_if_string (test_misc.test_misc) ... ok
test_stata_command_unix (test_misc.test_misc) ... ok
test_stata_command_win (test_misc.test_misc) ... skipped 'skipped test_stata_command_win because on a unix machine'
test_release_function (unittest.loader.ModuleImportFailure) ... ERROR
test_release_tools (unittest.loader.ModuleImportFailure) ... ERROR

======================================================================
ERROR: test_release_function (unittest.loader.ModuleImportFailure)
----------------------------------------------------------------------
ImportError: Failed to import test module: test_release_function
Traceback (most recent call last):
  File "/Users/leviboxell/anaconda/lib/python2.7/unittest/loader.py", line 254, in _find_tests
    module = self._get_module_from_name(name)
  File "/Users/leviboxell/anaconda/lib/python2.7/unittest/loader.py", line 232, in _get_module_from_name
    __import__(name)
  File "/Users/leviboxell/Desktop/gslab_python/gslab_scons/tests/test_release_function.py", line 14, in <module>
    import gslab_scons._release_tools as tools
ImportError: No module named _release_tools


======================================================================
ERROR: test_release_tools (unittest.loader.ModuleImportFailure)
----------------------------------------------------------------------
ImportError: Failed to import test module: test_release_tools
Traceback (most recent call last):
  File "/Users/leviboxell/anaconda/lib/python2.7/unittest/loader.py", line 254, in _find_tests
    module = self._get_module_from_name(name)
  File "/Users/leviboxell/anaconda/lib/python2.7/unittest/loader.py", line 232, in _get_module_from_name
    __import__(name)
  File "/Users/leviboxell/Desktop/gslab_python/gslab_scons/tests/test_release_tools.py", line 14, in <module>
    import gslab_scons._release_tools as tools
ImportError: No module named _release_tools


----------------------------------------------------------------------
Ran 27 tests in 1089.891s

FAILED (errors=2, skipped=1)
